Qflow DRC logfile created on czw, 4 cze 2020, 18:43:25 CEST
magic -dnull -noconsole  /home/radoslaw/Desktop/Projekt/verilogproject-master/sumator/layout/run_drc_adder.tcl

Magic 8.3 revision 10 - Compiled on czw, 21 maj 2020, 09:18:02 CEST.
Starting magic under Tcl interpreter
Using the terminal as the console.
Using NULL graphics device.
Processing system .magicrc file
/usr/share/qflow/tech/osu035/SCN4M_SUBM.20.tech: line 132: section contact:
	Contact types polycontact and pm12contact do not stack
/usr/share/qflow/tech/osu035/SCN4M_SUBM.20.tech: line 133: section contact:
	Contact types pdcontact and pdm12contact do not stack
/usr/share/qflow/tech/osu035/SCN4M_SUBM.20.tech: line 134: section contact:
	Contact types psubstratepcontact and psm12contact do not stack
/usr/share/qflow/tech/osu035/SCN4M_SUBM.20.tech: line 135: section contact:
	Contact types ndcontact and ndm12contact do not stack
/usr/share/qflow/tech/osu035/SCN4M_SUBM.20.tech: line 136: section contact:
	Contact types nsubstratencontact and nsm12contact do not stack
/usr/share/qflow/tech/osu035/SCN4M_SUBM.20.tech: line 137: section contact:
	Contact types nwsc and nwsm12contact do not stack
/usr/share/qflow/tech/osu035/SCN4M_SUBM.20.tech: line 138: section contact:
	Contact types m2contact and m123contact do not stack
/usr/share/qflow/tech/osu035/SCN4M_SUBM.20.tech: line 139: section contact:
	Contact types m3contact and m234contact do not stack
/usr/share/qflow/tech/osu035/SCN4M_SUBM.20.tech: line 413: section cifoutput:
	Unrecognized layer (type) "pdm12c/a".
/usr/share/qflow/tech/osu035/SCN4M_SUBM.20.tech: line 414: section cifoutput:
	Unrecognized layer (type) "nsm12c/a".
/usr/share/qflow/tech/osu035/SCN4M_SUBM.20.tech: line 455: section cifoutput:
	Unrecognized layer (type) "ndm12c/a".
/usr/share/qflow/tech/osu035/SCN4M_SUBM.20.tech: line 456: section cifoutput:
	Unrecognized layer (type) "psm12c/a".
/usr/share/qflow/tech/osu035/SCN4M_SUBM.20.tech: line 478: section cifoutput:
	Unrecognized layer (type) "ndm12c/a".
/usr/share/qflow/tech/osu035/SCN4M_SUBM.20.tech: line 478: section cifoutput:
	Unrecognized layer (type) "psm12c/a".
/usr/share/qflow/tech/osu035/SCN4M_SUBM.20.tech: line 483: section cifoutput:
	Unrecognized layer (type) "pdm12c/a".
/usr/share/qflow/tech/osu035/SCN4M_SUBM.20.tech: line 483: section cifoutput:
	Unrecognized layer (type) "nsm12c/a".
/usr/share/qflow/tech/osu035/SCN4M_SUBM.20.tech: line 488: section cifoutput:
	Unrecognized layer (type) "pdm12c/a".
/usr/share/qflow/tech/osu035/SCN4M_SUBM.20.tech: line 488: section cifoutput:
	Unrecognized layer (type) "psm12c/a".
/usr/share/qflow/tech/osu035/SCN4M_SUBM.20.tech: line 488: section cifoutput:
	Unrecognized layer (type) "ndm12c/a".
/usr/share/qflow/tech/osu035/SCN4M_SUBM.20.tech: line 488: section cifoutput:
	Unrecognized layer (type) "nsm12c/a".
/usr/share/qflow/tech/osu035/SCN4M_SUBM.20.tech: line 500: section cifoutput:
	Unrecognized layer (type) "ndm12c/a".
/usr/share/qflow/tech/osu035/SCN4M_SUBM.20.tech: line 500: section cifoutput:
	Unrecognized layer (type) "nsm12c/a".
/usr/share/qflow/tech/osu035/SCN4M_SUBM.20.tech: line 500: section cifoutput:
	Unrecognized layer (type) "nwsm12c/a".
/usr/share/qflow/tech/osu035/SCN4M_SUBM.20.tech: line 500: section cifoutput:
	Unrecognized layer (type) "pdm12c/a".
/usr/share/qflow/tech/osu035/SCN4M_SUBM.20.tech: line 500: section cifoutput:
	Unrecognized layer (type) "psm12c/a".
/usr/share/qflow/tech/osu035/SCN4M_SUBM.20.tech: line 518: section cifoutput:
	Unrecognized layer (type) "ndm12c/a".
/usr/share/qflow/tech/osu035/SCN4M_SUBM.20.tech: line 518: section cifoutput:
	Unrecognized layer (type) "nsm12c/a".
/usr/share/qflow/tech/osu035/SCN4M_SUBM.20.tech: line 518: section cifoutput:
	Unrecognized layer (type) "nwsm12c/a".
/usr/share/qflow/tech/osu035/SCN4M_SUBM.20.tech: line 518: section cifoutput:
	Unrecognized layer (type) "pdm12c/a".
/usr/share/qflow/tech/osu035/SCN4M_SUBM.20.tech: line 518: section cifoutput:
	Unrecognized layer (type) "psm12c/a".
/usr/share/qflow/tech/osu035/SCN4M_SUBM.20.tech: line 534: section cifoutput:
	Unrecognized layer (type) "pm12c/a".
/usr/share/qflow/tech/osu035/SCN4M_SUBM.20.tech: line 546: section cifoutput:
	Unrecognized layer (type) "m123c/m1".
/usr/share/qflow/tech/osu035/SCN4M_SUBM.20.tech: line 554: section cifoutput:
	Unrecognized layer (type) "m234c/m2".
/usr/share/qflow/tech/osu035/SCN4M_SUBM.20.tech: line 604: section cifoutput:
	Unrecognized layer (type) "m123c/m1".
/usr/share/qflow/tech/osu035/SCN4M_SUBM.20.tech: line 608: section cifoutput:
	Unrecognized layer (type) "pdm12c/m2".
/usr/share/qflow/tech/osu035/SCN4M_SUBM.20.tech: line 608: section cifoutput:
	Unrecognized layer (type) "ndm12c/m2".
/usr/share/qflow/tech/osu035/SCN4M_SUBM.20.tech: line 608: section cifoutput:
	Unrecognized layer (type) "psm12c/m2".
/usr/share/qflow/tech/osu035/SCN4M_SUBM.20.tech: line 608: section cifoutput:
	Unrecognized layer (type) "nsm12c/m2".
/usr/share/qflow/tech/osu035/SCN4M_SUBM.20.tech: line 608: section cifoutput:
	Unrecognized layer (type) "pm12c/m2".
/usr/share/qflow/tech/osu035/SCN4M_SUBM.20.tech: line 608: section cifoutput:
	Unrecognized layer (type) "nwsm12c/m2".
/usr/share/qflow/tech/osu035/SCN4M_SUBM.20.tech: line 608: section cifoutput:
	Unrecognized layer (type) "m234c/m2".
/usr/share/qflow/tech/osu035/SCN4M_SUBM.20.tech: line 608: section cifoutput:
	Unrecognized layer (type) "m234c/m2".
/usr/share/qflow/tech/osu035/SCN4M_SUBM.20.tech: line 679: section cifoutput:
	Unrecognized layer (type) "m123c/m3".
/usr/share/qflow/tech/osu035/SCN4M_SUBM.20.tech: line 687: section cifoutput:
	Unrecognized layer (type) "m234c/m4".
Input style lambda=0.20(p): scaleFactor=20, multiplier=1
/usr/share/qflow/tech/osu035/SCN4M_SUBM.20.tech: line 9261: section drc:
	OK types "space" in more than one plane.
	Assuming same plane (active) as edge.
Contact size value ignored (using GDS generation rules).
Contact size value ignored (using GDS generation rules).
Contact size value ignored (using GDS generation rules).
Contact size value ignored (using GDS generation rules).
Contact size value ignored (using GDS generation rules).
Contact size value ignored (using GDS generation rules).
4 Magic internal units = 1 Lambda
Input style lambda=0.10(p): scaleFactor=10, multiplier=1
Contact size value ignored (using GDS generation rules).
Contact size value ignored (using GDS generation rules).
Contact size value ignored (using GDS generation rules).
Contact size value ignored (using GDS generation rules).
Contact size value ignored (using GDS generation rules).
Contact size value ignored (using GDS generation rules).
Scaled tech values by 4 / 1 to match internal grid scaling
Loading "/home/radoslaw/Desktop/Projekt/verilogproject-master/sumator/layout/run_drc_adder.tcl" from command line.
Reading LEF data from file /usr/local/share/qflow/tech/osu018/osu018_stdcells.lef.
This action cannot be undone.
LEF read, Line 16 (Message): Unknown keyword "OBS" in LEF file; ignoring.
LEF read, Line 17 (Message): Unknown keyword "PIN" in LEF file; ignoring.
LEF read, Line 309 (Message): Defines site core (ignored)
Moving label "CLK" from metal1 to m2contact in cell DFFNEGX1.
Moving label "CLK" from metal1 to m2contact in cell DFFNEGX1.
Moving label "A" from metal1 to m2contact in cell XNOR2X1.
LEF read: Processed 2941 lines.
Scaled magic input cell adder geometry by factor of 2
Processing timestamp mismatches: FILL, BUFX2, INVX1, XOR2X1, NAND2X1, NOR2X1, AND2X2.
drc = 0
DRC checking script ended on czw, 4 cze 2020, 18:43:26 CEST
